2026-05-17 15:46:11,394 | INFO | Application started
2026-05-17 15:46:36,761 | INFO | Application started
2026-05-17 15:46:59,355 | INFO | New registration attempt username=jaiyansh password=@Jay role=admin
2026-05-17 15:47:14,595 | INFO | New registration attempt username=jaiiyansh password=@Jay role=employee
2026-05-17 15:47:19,970 | INFO | Application started
2026-05-17 15:48:46,696 | INFO | User jaiyansh logged in with token jaiyansh-801480-3126
2026-05-17 15:52:19,280 | INFO | Password reset requested for exit
2026-05-17 15:52:27,337 | INFO | Admin removed employee record id=0
2026-05-17 15:52:33,779 | INFO | Admin removed employee record id=0
2026-05-17 16:34:29,418 | INFO | Application started
2026-05-17 16:34:58,434 | INFO | New registration attempt username=jaiyansh12 password=@Jaiyansh_12345 role=admin
2026-05-17 16:35:50,041 | INFO | New registration attempt username=employee1 password=jay role=employee
2026-05-17 16:37:00,577 | INFO | Application started
2026-05-17 16:37:15,190 | INFO | New registration attempt username=jaiyansh password=@Jay_12345 role=admin
2026-05-17 16:38:06,720 | INFO | Application started
2026-05-17 16:38:13,544 | INFO | User jaiyansh12 logged in with token jaiyansh12-206263-6093
2026-05-17 16:38:40,743 | INFO | Admin removed employee record id=0
2026-05-17 16:39:15,049 | INFO | Admin removed employee record id=0
2026-05-17 16:40:10,863 | INFO | User employee1 logged in with token employee1-511421-6210
2026-05-20 21:15:21,942 | INFO | Application started
2026-05-20 21:15:36,086 | INFO | New registration attempt username=jaiyansh1234 password=jaiya role=admin
2026-05-20 21:15:43,723 | INFO | User jaiyansh1234 logged in with token jaiyansh1234-443373-1943
2026-05-20 21:16:35,410 | INFO | Application started
2026-05-20 21:16:46,233 | INFO | New registration attempt username=jay password=jay role=employee
2026-05-20 21:16:50,221 | INFO | User jay logged in with token jay-995360-2010
2026-05-20 21:17:04,423 | INFO | User jaiyansh1234 logged in with token jaiyansh1234-530274-2024
